* using log directory 'C:/Users/DELL/Desktop/stat.Rcheck'
* using R version 4.3.0 (2023-04-21 ucrt)
* using platform: x86_64-w64-mingw32 (64-bit)
* R was compiled by
    gcc.exe (GCC) 12.2.0
    GNU Fortran (GCC) 12.2.0
* running under: Windows 10 x64 (build 19045)
* using session charset: UTF-8
* using options '--no-manual --as-cran'
* checking for file 'stat/DESCRIPTION' ... OK
* checking extension type ... Package
* this is package 'stat' version '0.1.0'
* package encoding: UTF-8
* checking package namespace information ... NOTE
  Namespace with empty importFrom: 'ggplot2'
* checking package dependencies ... OK
* checking if this is a source package ... OK
* checking if there is a namespace ... OK
* checking for executable files ... OK
* checking for hidden files and directories ... OK
* checking for portable file names ... OK
* checking serialization versions ... OK
* checking whether package 'stat' can be installed ... OK
* checking installed package size ... OK
* checking package directory ... OK
* checking for future file timestamps ... OK
* checking DESCRIPTION meta-information ... NOTE
Niestandardowa specyfikacja licencji:
  What license is it under?
Standaryzowalne: FALSE
* checking top-level files ... OK
* checking for left-over files ... OK
* checking index information ... OK
* checking package subdirectories ... OK
* checking R files for non-ASCII characters ... OK
* checking R files for syntax errors ... OK
* checking whether the package can be loaded ... OK
* checking whether the package can be loaded with stated dependencies ... OK
* checking whether the package can be unloaded cleanly ... OK
* checking whether the namespace can be loaded with stated dependencies ... OK
* checking whether the namespace can be unloaded cleanly ... OK
* checking loading without being on the library search path ... OK
* checking dependencies in R code ... OK
* checking S3 generic/method consistency ... OK
* checking replacement functions ... OK
* checking foreign function calls ... OK
* checking R code for possible problems ... NOTE
countPlot: no visible global function definition for 'ggplot'
countPlot: no visible global function definition for 'aes'
countPlot: no visible global function definition for 'reorder'
countPlot: no visible global function definition for 'geom_bar'
countPlot: no visible global function definition for 'scale_x_discrete'
countPlot: no visible global function definition for 'theme'
countPlot: no visible global function definition for 'element_text'
Undefined global functions or variables:
  aes element_text geom_bar ggplot reorder scale_x_discrete theme
Consider adding
  importFrom("stats", "reorder")
to your NAMESPACE file.
* checking Rd files ... OK
* checking Rd metadata ... OK
* checking Rd line widths ... OK
* checking Rd cross-references ... OK
* checking for missing documentation entries ... WARNING
Nieudokumentowane obiekty kodu:
  'stat'
All user-level objects in a package should have documentation entries.
See chapter 'Writing R documentation files' in the 'Writing R
Extensions' manual.
* checking for code/documentation mismatches ... WARNING
Funkcje lub metody z użyciem w obiekcie dokumentacji 'stats' ale nie w kodzie:
  'stats'

* checking Rd \usage sections ... WARNING
Nieudokumentowane argumenty w obiekcie dokumentacji 'stats'
  'data'

Functions with \usage entries need to have the appropriate \alias
entries, and all their arguments documented.
The \usage entries must correspond to syntactically valid R code.
See chapter 'Writing R documentation files' in the 'Writing R
Extensions' manual.
* checking Rd contents ... OK
* checking for unstated dependencies in examples ... OK
* checking examples ... NONE
* checking for non-standard things in the check directory ... OK
* checking for detritus in the temp directory ... OK
* DONE
Status: 3 WARNINGs, 3 NOTEs
